<?xml version="1.0" encoding="UTF-8"?>
<!-- Generated by org.testng.reporters.JUnitReportReporter -->
<testsuite skipped="0" hostname="vmt10268" name="com.valuemomentum.retail.testautomation.test.FrameWork" tests="4" failures="0" timestamp="2021-03-29T17:07:12 IST" time="41.132" errors="0">
  <testcase name="verifyLogin" time="12.937" classname="com.valuemomentum.retail.testautomation.test.FrameWork"/>
  <system-out/>
  <testcase name="verfiyLocators" time="2.278" classname="com.valuemomentum.retail.testautomation.test.FrameWork"/>
  <system-out/>
  <testcase name="verifyLogin" time="13.124" classname="com.valuemomentum.retail.testautomation.test.FrameWork"/>
  <system-out/>
  <testcase name="verifyLogin" time="12.793" classname="com.valuemomentum.retail.testautomation.test.FrameWork"/>
  <system-out/>
</testsuite> <!-- com.valuemomentum.retail.testautomation.test.FrameWork -->
