<?xml version="1.0" encoding="UTF-8"?>
<!-- Generated by org.testng.reporters.JUnitReportReporter -->
<testsuite skipped="0" hostname="vmt10268" name="com.valuemomentum.retail.testautomation.pages.SmokeTest" tests="1" failures="0" timestamp="2021-04-09T17:43:00 IST" time="20.537" errors="0">
  <testcase name="verifyProductPurchase" time="20.537" classname="com.valuemomentum.retail.testautomation.pages.SmokeTest"/>
  <system-out/>
</testsuite> <!-- com.valuemomentum.retail.testautomation.pages.SmokeTest -->
