<?xml version="1.0" encoding="UTF-8"?>
<!-- Generated by org.testng.reporters.JUnitReportReporter -->
<testsuite skipped="0" hostname="vmt10268" name="com.valuemomentum.retail.testautomation.test.SmokeTest" tests="1" failures="0" timestamp="2021-03-29T16:56:32 IST" time="14.457" errors="0">
  <testcase name="verifyMobilePurchaseAssertions" time="14.457" classname="com.valuemomentum.retail.testautomation.test.SmokeTest"/>
  <system-out/>
</testsuite> <!-- com.valuemomentum.retail.testautomation.test.SmokeTest -->
