<?xml version="1.0" encoding="UTF-8"?>
<!-- Generated by org.testng.reporters.JUnitReportReporter -->
<testsuite skipped="0" hostname="vmt10268" name="com.valuemomentum.retail.testautomation.test.Assignment" tests="4" failures="0" timestamp="2021-03-29T16:09:02 IST" time="54.300" errors="0">
  <testcase name="menuMedplus" time="13.092" classname="com.valuemomentum.retail.testautomation.test.Assignment"/>
  <system-out/>
  <testcase name="verifyLogin" time="13.907" classname="com.valuemomentum.retail.testautomation.test.Assignment"/>
  <system-out/>
  <testcase name="verifyLogin" time="14.149" classname="com.valuemomentum.retail.testautomation.test.Assignment"/>
  <system-out/>
  <testcase name="verifyLogin" time="13.152" classname="com.valuemomentum.retail.testautomation.test.Assignment"/>
  <system-out/>
</testsuite> <!-- com.valuemomentum.retail.testautomation.test.Assignment -->
