<?xml version="1.0" encoding="UTF-8"?>
<!-- Generated by org.testng.reporters.JUnitReportReporter -->
<testsuite skipped="0" hostname="vmt10268" name="com.training.retail.automationtesting.MedPlusAssessment" tests="5" failures="0" timestamp="2021-03-22T21:07:34 IST" time="45.876" errors="0">
  <testcase name="MedPlusMethod" time="31.072" classname="com.training.retail.automationtesting.MedPlusAssessment"/>
  <system-out/>
  <testcase name="verifyLogin" time="3.896" classname="com.training.retail.automationtesting.MedPlusAssessment"/>
  <system-out/>
  <testcase name="verifyLogin" time="2.109" classname="com.training.retail.automationtesting.MedPlusAssessment"/>
  <system-out/>
  <testcase name="verifyLogin" time="2.929" classname="com.training.retail.automationtesting.MedPlusAssessment"/>
  <system-out/>
  <testcase name="MedplusLocators" time="5.870" classname="com.training.retail.automationtesting.MedPlusAssessment"/>
  <system-out/>
</testsuite> <!-- com.training.retail.automationtesting.MedPlusAssessment -->
